Started at Fri Sep 15 01:45:22 UTC 2023
Processing docker_test
Offering docker_test to Project Build Discarder
Processing Pipeline test
Offering Pipeline test to Project Build Discarder
Processing spring-boot-test
Offering spring-boot-test to Project Build Discarder
Processing ssh-test
Offering ssh-test to Project Build Discarder
Processing test
Offering test to Project Build Discarder
Finished at Fri Sep 15 01:45:22 UTC 2023. 80ms
Started at Fri Sep 15 02:45:22 UTC 2023
Processing docker_test
Offering docker_test to Project Build Discarder
Processing Pipeline test
Offering Pipeline test to Project Build Discarder
Processing spring-boot-test
Offering spring-boot-test to Project Build Discarder
Processing ssh-test
Offering ssh-test to Project Build Discarder
Processing test
Offering test to Project Build Discarder
Finished at Fri Sep 15 02:45:22 UTC 2023. 24ms
Started at Fri Sep 15 03:45:22 UTC 2023
Processing docker_test
Offering docker_test to Project Build Discarder
Processing Pipeline test
Offering Pipeline test to Project Build Discarder
Processing spring-boot-test
Offering spring-boot-test to Project Build Discarder
Processing ssh-test
Offering ssh-test to Project Build Discarder
Processing test
Offering test to Project Build Discarder
Finished at Fri Sep 15 03:45:22 UTC 2023. 42ms
Started at Fri Sep 15 04:45:22 UTC 2023
Processing docker_test
Offering docker_test to Project Build Discarder
Processing Pipeline test
Offering Pipeline test to Project Build Discarder
Processing spring-boot-test
Offering spring-boot-test to Project Build Discarder
Processing ssh-test
Offering ssh-test to Project Build Discarder
Processing test
Offering test to Project Build Discarder
Finished at Fri Sep 15 04:45:22 UTC 2023. 26ms
Started at Fri Sep 15 05:45:22 UTC 2023
Processing docker_test
Offering docker_test to Project Build Discarder
Processing Pipeline test
Offering Pipeline test to Project Build Discarder
Processing spring-boot-test
Offering spring-boot-test to Project Build Discarder
Processing ssh-test
Offering ssh-test to Project Build Discarder
Processing test
Offering test to Project Build Discarder
Finished at Fri Sep 15 05:45:22 UTC 2023. 34ms
